<?xml version="1.0" encoding="UTF-8"?>
<testng-results skipped="0" failed="1" ignored="0" total="6" passed="5">
  <reporter-output>
  </reporter-output>
  <suite name="Suite" duration-ms="56212" started-at="2020-03-11T19:17:18Z" finished-at="2020-03-11T19:18:14Z">
    <groups>
    </groups>
    <test name="Test" duration-ms="56212" started-at="2020-03-11T19:17:18Z" finished-at="2020-03-11T19:18:14Z">
      <class name="com.test.LoginTest">
        <test-method status="PASS" signature="setUpSuite()[pri:0, instance:com.test.LoginTest@4667ae56]" name="setUpSuite" is-config="true" duration-ms="469" started-at="2020-03-11T19:17:18Z" finished-at="2020-03-11T19:17:18Z">
          <reporter-output>
          </reporter-output>
        </test-method> <!-- setUpSuite -->
        <test-method status="PASS" signature="getClassName()[pri:0, instance:com.test.LoginTest@4667ae56]" name="getClassName" is-config="true" duration-ms="15" started-at="2020-03-11T19:17:18Z" finished-at="2020-03-11T19:17:18Z">
          <reporter-output>
          </reporter-output>
        </test-method> <!-- getClassName -->
        <test-method status="PASS" signature="intialization(java.lang.reflect.Method)[pri:0, instance:com.test.LoginTest@4667ae56]" name="intialization" is-config="true" duration-ms="9715" started-at="2020-03-11T19:17:19Z" finished-at="2020-03-11T19:17:29Z">
          <params>
            <param index="0">
              <value>
                <![CDATA[public void com.test.LoginTest.AddVariants(java.lang.String,java.lang.String) throws java.lang.Exception]]>
              </value>
            </param>
          </params>
          <reporter-output>
          </reporter-output>
        </test-method> <!-- intialization -->
        <test-method status="PASS" signature="AddVariants(java.lang.String, java.lang.String)[pri:0, instance:com.test.LoginTest@4667ae56]" name="AddVariants" duration-ms="15" started-at="2020-03-11T19:17:29Z" data-provider="ReadVariant" finished-at="2020-03-11T19:17:29Z">
          <params>
            <param index="0">
              <value>
                <![CDATA[daawxw]]>
              </value>
            </param>
            <param index="1">
              <value>
                <![CDATA[53165310]]>
              </value>
            </param>
          </params>
          <reporter-output>
          </reporter-output>
        </test-method> <!-- AddVariants -->
        <test-method status="PASS" signature="closeBrowser()[pri:0, instance:com.test.LoginTest@4667ae56]" name="closeBrowser" is-config="true" duration-ms="1658" started-at="2020-03-11T19:17:29Z" finished-at="2020-03-11T19:17:31Z">
          <reporter-output>
          </reporter-output>
        </test-method> <!-- closeBrowser -->
        <test-method status="PASS" signature="intialization(java.lang.reflect.Method)[pri:0, instance:com.test.LoginTest@4667ae56]" name="intialization" is-config="true" duration-ms="7257" started-at="2020-03-11T19:17:31Z" finished-at="2020-03-11T19:17:38Z">
          <params>
            <param index="0">
              <value>
                <![CDATA[public void com.test.LoginTest.AddVariants(java.lang.String,java.lang.String) throws java.lang.Exception]]>
              </value>
            </param>
          </params>
          <reporter-output>
          </reporter-output>
        </test-method> <!-- intialization -->
        <test-method status="PASS" signature="closeBrowser()[pri:0, instance:com.test.LoginTest@4667ae56]" name="closeBrowser" is-config="true" duration-ms="1144" started-at="2020-03-11T19:17:38Z" finished-at="2020-03-11T19:17:39Z">
          <reporter-output>
          </reporter-output>
        </test-method> <!-- closeBrowser -->
        <test-method status="PASS" signature="AddVariants(java.lang.String, java.lang.String)[pri:0, instance:com.test.LoginTest@4667ae56]" name="AddVariants" duration-ms="0" started-at="2020-03-11T19:17:38Z" data-provider="ReadVariant" finished-at="2020-03-11T19:17:38Z">
          <params>
            <param index="0">
              <value>
                <![CDATA[ececzdxsd]]>
              </value>
            </param>
            <param index="1">
              <value>
                <![CDATA[3542123]]>
              </value>
            </param>
          </params>
          <reporter-output>
          </reporter-output>
        </test-method> <!-- AddVariants -->
        <test-method status="PASS" signature="intialization(java.lang.reflect.Method)[pri:0, instance:com.test.LoginTest@4667ae56]" name="intialization" is-config="true" duration-ms="7263" started-at="2020-03-11T19:17:39Z" finished-at="2020-03-11T19:17:46Z">
          <params>
            <param index="0">
              <value>
                <![CDATA[public void com.test.LoginTest.AddVariants(java.lang.String,java.lang.String) throws java.lang.Exception]]>
              </value>
            </param>
          </params>
          <reporter-output>
          </reporter-output>
        </test-method> <!-- intialization -->
        <test-method status="PASS" signature="AddVariants(java.lang.String, java.lang.String)[pri:0, instance:com.test.LoginTest@4667ae56]" name="AddVariants" duration-ms="3" started-at="2020-03-11T19:17:46Z" data-provider="ReadVariant" finished-at="2020-03-11T19:17:46Z">
          <params>
            <param index="0">
              <value>
                <![CDATA[wsaccdw]]>
              </value>
            </param>
            <param index="1">
              <value>
                <![CDATA[3841654]]>
              </value>
            </param>
          </params>
          <reporter-output>
          </reporter-output>
        </test-method> <!-- AddVariants -->
        <test-method status="PASS" signature="closeBrowser()[pri:0, instance:com.test.LoginTest@4667ae56]" name="closeBrowser" is-config="true" duration-ms="1106" started-at="2020-03-11T19:17:46Z" finished-at="2020-03-11T19:17:47Z">
          <reporter-output>
          </reporter-output>
        </test-method> <!-- closeBrowser -->
        <test-method status="PASS" signature="intialization(java.lang.reflect.Method)[pri:0, instance:com.test.LoginTest@4667ae56]" name="intialization" is-config="true" duration-ms="7183" started-at="2020-03-11T19:17:47Z" finished-at="2020-03-11T19:17:55Z">
          <params>
            <param index="0">
              <value>
                <![CDATA[public void com.test.LoginTest.AddVariants(java.lang.String,java.lang.String) throws java.lang.Exception]]>
              </value>
            </param>
          </params>
          <reporter-output>
          </reporter-output>
        </test-method> <!-- intialization -->
        <test-method status="PASS" signature="AddVariants(java.lang.String, java.lang.String)[pri:0, instance:com.test.LoginTest@4667ae56]" name="AddVariants" duration-ms="0" started-at="2020-03-11T19:17:55Z" data-provider="ReadVariant" finished-at="2020-03-11T19:17:55Z">
          <params>
            <param index="0">
              <value>
                <![CDATA[kiran@gmail.com]]>
              </value>
            </param>
            <param index="1">
              <value>
                <![CDATA[123456]]>
              </value>
            </param>
          </params>
          <reporter-output>
          </reporter-output>
        </test-method> <!-- AddVariants -->
        <test-method status="PASS" signature="closeBrowser()[pri:0, instance:com.test.LoginTest@4667ae56]" name="closeBrowser" is-config="true" duration-ms="1096" started-at="2020-03-11T19:17:55Z" finished-at="2020-03-11T19:17:56Z">
          <reporter-output>
          </reporter-output>
        </test-method> <!-- closeBrowser -->
        <test-method status="PASS" signature="intialization(java.lang.reflect.Method)[pri:0, instance:com.test.LoginTest@4667ae56]" name="intialization" is-config="true" duration-ms="6947" started-at="2020-03-11T19:17:56Z" finished-at="2020-03-11T19:18:03Z">
          <params>
            <param index="0">
              <value>
                <![CDATA[public void com.test.LoginTest.checkErrorMessageForEmail() throws java.io.IOException]]>
              </value>
            </param>
          </params>
          <reporter-output>
          </reporter-output>
        </test-method> <!-- intialization -->
        <test-method status="PASS" signature="checkErrorMessageForEmail()[pri:1, instance:com.test.LoginTest@4667ae56]" name="checkErrorMessageForEmail" duration-ms="811" started-at="2020-03-11T19:18:03Z" finished-at="2020-03-11T19:18:03Z">
          <reporter-output>
          </reporter-output>
        </test-method> <!-- checkErrorMessageForEmail -->
        <test-method status="PASS" signature="closeBrowser()[pri:0, instance:com.test.LoginTest@4667ae56]" name="closeBrowser" is-config="true" duration-ms="1043" started-at="2020-03-11T19:18:03Z" finished-at="2020-03-11T19:18:04Z">
          <reporter-output>
          </reporter-output>
        </test-method> <!-- closeBrowser -->
        <test-method status="PASS" signature="intialization(java.lang.reflect.Method)[pri:0, instance:com.test.LoginTest@4667ae56]" name="intialization" is-config="true" duration-ms="7466" started-at="2020-03-11T19:18:04Z" finished-at="2020-03-11T19:18:12Z">
          <params>
            <param index="0">
              <value>
                <![CDATA[public void com.test.LoginTest.checkErrorMessageForPassword() throws java.io.IOException]]>
              </value>
            </param>
          </params>
          <reporter-output>
          </reporter-output>
        </test-method> <!-- intialization -->
        <test-method status="FAIL" signature="checkErrorMessageForPassword()[pri:2, instance:com.test.LoginTest@4667ae56]" name="checkErrorMessageForPassword" duration-ms="1256" started-at="2020-03-11T19:18:12Z" finished-at="2020-03-11T19:18:13Z">
          <exception class="java.lang.AssertionError">
            <message>
              <![CDATA[The following asserts failed:
expected [Please enters password 123456] but found [Please enter password 123456]]]>
            </message>
            <full-stacktrace>
              <![CDATA[java.lang.AssertionError: The following asserts failed:
expected [Please enters password 123456] but found [Please enter password 123456]
at org.testng.asserts.SoftAssert.assertAll(SoftAssert.java:43)
at com.Util.Utility.assertAll(Utility.java:79)
at com.test.LoginTest.checkErrorMessageForPassword(LoginTest.java:64)
at sun.reflect.NativeMethodAccessorImpl.invoke0(Native Method)
at sun.reflect.NativeMethodAccessorImpl.invoke(Unknown Source)
at sun.reflect.DelegatingMethodAccessorImpl.invoke(Unknown Source)
at java.lang.reflect.Method.invoke(Unknown Source)
at org.testng.internal.MethodInvocationHelper.invokeMethod(MethodInvocationHelper.java:124)
at org.testng.internal.Invoker.invokeMethod(Invoker.java:583)
at org.testng.internal.Invoker.invokeTestMethod(Invoker.java:719)
at org.testng.internal.Invoker.invokeTestMethods(Invoker.java:989)
at org.testng.internal.TestMethodWorker.invokeTestMethods(TestMethodWorker.java:125)
at org.testng.internal.TestMethodWorker.run(TestMethodWorker.java:109)
at org.testng.TestRunner.privateRun(TestRunner.java:648)
at org.testng.TestRunner.run(TestRunner.java:505)
at org.testng.SuiteRunner.runTest(SuiteRunner.java:455)
at org.testng.SuiteRunner.runSequentially(SuiteRunner.java:450)
at org.testng.SuiteRunner.privateRun(SuiteRunner.java:415)
at org.testng.SuiteRunner.run(SuiteRunner.java:364)
at org.testng.SuiteRunnerWorker.runSuite(SuiteRunnerWorker.java:52)
at org.testng.SuiteRunnerWorker.run(SuiteRunnerWorker.java:84)
at org.testng.TestNG.runSuitesSequentially(TestNG.java:1208)
at org.testng.TestNG.runSuitesLocally(TestNG.java:1137)
at org.testng.TestNG.runSuites(TestNG.java:1049)
at org.testng.TestNG.run(TestNG.java:1017)
at org.testng.remote.AbstractRemoteTestNG.run(AbstractRemoteTestNG.java:132)
at org.testng.remote.RemoteTestNG.initAndRun(RemoteTestNG.java:236)
at org.testng.remote.RemoteTestNG.main(RemoteTestNG.java:81)
]]>
            </full-stacktrace>
          </exception> <!-- java.lang.AssertionError -->
          <reporter-output>
          </reporter-output>
        </test-method> <!-- checkErrorMessageForPassword -->
        <test-method status="PASS" signature="closeBrowser()[pri:0, instance:com.test.LoginTest@4667ae56]" name="closeBrowser" is-config="true" duration-ms="1094" started-at="2020-03-11T19:18:13Z" finished-at="2020-03-11T19:18:14Z">
          <reporter-output>
          </reporter-output>
        </test-method> <!-- closeBrowser -->
      </class> <!-- com.test.LoginTest -->
    </test> <!-- Test -->
  </suite> <!-- Suite -->
</testng-results>
